0 info it worked if it ends with ok
1 verbose cli [ '/home/ubuntu/.nvm/v0.10.35/bin/node',
1 verbose cli   '/home/ubuntu/.nvm/v0.10.35/bin/npm',
1 verbose cli   'run',
1 verbose cli   'build' ]
2 info using npm@1.4.28
3 info using node@v0.10.35
4 verbose run-script [ 'prebuild', 'build', 'postbuild' ]
5 info prebuild gg-rts100k@1.0.0
6 verbose unsafe-perm in lifecycle true
7 info build gg-rts100k@1.0.0
8 verbose unsafe-perm in lifecycle true
9 info gg-rts100k@1.0.0 Failed to exec build script
10 error gg-rts100k@1.0.0 build: `npm run babelify`
10 error Exit status 1
11 error Failed at the gg-rts100k@1.0.0 build script.
11 error This is most likely a problem with the gg-rts100k package,
11 error not with npm itself.
11 error Tell the author that this fails on your system:
11 error     npm run babelify
11 error You can get their info via:
11 error     npm owner ls gg-rts100k
11 error There is likely additional logging output above.
12 error System Linux 3.14.13-c9
13 error command "/home/ubuntu/.nvm/v0.10.35/bin/node" "/home/ubuntu/.nvm/v0.10.35/bin/npm" "run" "build"
14 error cwd /home/ubuntu/workspace
15 error node -v v0.10.35
16 error npm -v 1.4.28
17 error code ELIFECYCLE
18 verbose exit [ 1, true ]
